{
  "stats": {
    "suites": 1,
    "tests": 1,
    "passes": 1,
    "pending": 0,
    "failures": 0,
    "start": "2024-11-10T06:14:12.871Z",
    "end": "2024-11-10T06:14:22.969Z",
    "duration": 10098,
    "testsRegistered": 1,
    "passPercent": 100,
    "pendingPercent": 0,
    "other": 0,
    "hasOther": false,
    "skipped": 0,
    "hasSkipped": false
  },
  "results": [
    {
      "uuid": "699ae060-109d-48ee-a9df-df484259eba8",
      "title": "",
      "fullFile": "cypress\\e2e\\1-student\\4.categoryTest.cy.js",
      "file": "cypress\\e2e\\1-student\\4.categoryTest.cy.js",
      "beforeHooks": [],
      "afterHooks": [],
      "tests": [],
      "suites": [
        {
          "uuid": "2c88d2e2-8a85-4ef0-863e-fc2e16229efb",
          "title": "category function test",
          "fullFile": "",
          "file": "",
          "beforeHooks": [],
          "afterHooks": [],
          "tests": [
            {
              "title": "filterning using category",
              "fullTitle": "category function test filterning using category",
              "timedOut": null,
              "duration": 6481,
              "state": "passed",
              "speed": "medium",
              "pass": true,
              "fail": false,
              "pending": false,
              "context": null,
              "code": "cy.get('input[type=\"text\"]').type(\"abc@gmail.com\");\ncy.get(\".cl-formButtonPrimary\").click();\ncy.get('input[type=\"password\"]').type(\"Prithvi@1241\");\ncy.get(\"button\").contains(\"Continue\").click();\ncy.contains(\"Browse\").click();\ncy.get('div[class=\"truncate\"]').contains(\"Computer Science\").click();\ncy.contains(\"React\").should(\"be.visible\");\ncy.contains(\"Advanced Web Development\");",
              "err": {},
              "uuid": "24365ce3-8fa6-41aa-90aa-f272b99ee563",
              "parentUUID": "2c88d2e2-8a85-4ef0-863e-fc2e16229efb",
              "isHook": false,
              "skipped": false
            }
          ],
          "suites": [],
          "passes": [
            "24365ce3-8fa6-41aa-90aa-f272b99ee563"
          ],
          "failures": [],
          "pending": [],
          "skipped": [],
          "duration": 6481,
          "root": false,
          "rootEmpty": false,
          "_timeout": 2000
        }
      ],
      "passes": [],
      "failures": [],
      "pending": [],
      "skipped": [],
      "duration": 0,
      "root": true,
      "rootEmpty": true,
      "_timeout": 2000
    }
  ],
  "meta": {
    "mocha": {
      "version": "7.0.1"
    },
    "mochawesome": {
      "options": {
        "quiet": false,
        "reportFilename": "mochawesome",
        "saveHtml": true,
        "saveJson": true,
        "consoleReporter": "spec",
        "useInlineDiffs": false,
        "code": true
      },
      "version": "7.1.3"
    },
    "marge": {
      "options": {
        "reportDir": "cypress/reports",
        "overwrite": false,
        "html": true,
        "json": true
      },
      "version": "6.2.0"
    }
  }
}