{
  "stats": {
    "suites": 1,
    "tests": 1,
    "passes": 0,
    "pending": 0,
    "failures": 1,
    "start": "2024-11-10T06:34:07.711Z",
    "end": "2024-11-10T06:34:16.633Z",
    "duration": 8922,
    "testsRegistered": 1,
    "passPercent": 0,
    "pendingPercent": 0,
    "other": 0,
    "hasOther": false,
    "skipped": 0,
    "hasSkipped": false
  },
  "results": [
    {
      "uuid": "8f7ef443-97eb-455f-8cd4-89c360339c28",
      "title": "",
      "fullFile": "cypress\\e2e\\1-student\\4.categoryTest.cy.js",
      "file": "cypress\\e2e\\1-student\\4.categoryTest.cy.js",
      "beforeHooks": [],
      "afterHooks": [],
      "tests": [],
      "suites": [
        {
          "uuid": "03c8b3d7-bfb4-4838-87b3-ede02af326f8",
          "title": "category function test",
          "fullFile": "",
          "file": "",
          "beforeHooks": [],
          "afterHooks": [],
          "tests": [
            {
              "title": "filterning using category",
              "fullTitle": "category function test filterning using category",
              "timedOut": null,
              "duration": 5700,
              "state": "failed",
              "speed": null,
              "pass": false,
              "fail": true,
              "pending": false,
              "context": null,
              "code": "cy.get('input[type=\"text\"]').type(\"abc@gmail.com\");\ncy.get(\".cl-formButtonPrimary\").click();\ncy.get('input[type=\"password\"]').type(\"Prithvi@1241\");\ncy.get(\"button\").contains(\"Continue\").click();\ncy.contains(\"Browse\").click();\ncy.get('div[class=\"truncate\"]').contains(\"Computer Science\").click();\ncy.contains(\"React\").should(\"be.visible\");\ncy.contains(\"Advanced Web Development\");",
              "err": {
                "message": "AssertionError: Timed out retrying after 4000ms: Expected to find element: `input[type=\"text\"]`, but never found it.",
                "estack": "AssertionError: Timed out retrying after 4000ms: Expected to find element: `input[type=\"text\"]`, but never found it.\n    at Context.eval (webpack://education_platform/./cypress/e2e/1-student/4.categoryTest.cy.js:8:7)",
                "diff": null
              },
              "uuid": "22feecc4-b6d5-4f65-b502-689035bf3a89",
              "parentUUID": "03c8b3d7-bfb4-4838-87b3-ede02af326f8",
              "isHook": false,
              "skipped": false
            }
          ],
          "suites": [],
          "passes": [],
          "failures": [
            "22feecc4-b6d5-4f65-b502-689035bf3a89"
          ],
          "pending": [],
          "skipped": [],
          "duration": 5700,
          "root": false,
          "rootEmpty": false,
          "_timeout": 2000
        }
      ],
      "passes": [],
      "failures": [],
      "pending": [],
      "skipped": [],
      "duration": 0,
      "root": true,
      "rootEmpty": true,
      "_timeout": 2000
    }
  ],
  "meta": {
    "mocha": {
      "version": "7.0.1"
    },
    "mochawesome": {
      "options": {
        "quiet": false,
        "reportFilename": "mochawesome",
        "saveHtml": true,
        "saveJson": true,
        "consoleReporter": "spec",
        "useInlineDiffs": false,
        "code": true
      },
      "version": "7.1.3"
    },
    "marge": {
      "options": {
        "reportDir": "cypress/reports",
        "overwrite": false,
        "html": true,
        "json": true
      },
      "version": "6.2.0"
    }
  }
}