{
  "stats": {
    "suites": 1,
    "tests": 2,
    "passes": 2,
    "pending": 0,
    "failures": 0,
    "start": "2024-11-10T06:35:31.124Z",
    "end": "2024-11-10T06:35:46.538Z",
    "duration": 15414,
    "testsRegistered": 2,
    "passPercent": 100,
    "pendingPercent": 0,
    "other": 0,
    "hasOther": false,
    "skipped": 0,
    "hasSkipped": false
  },
  "results": [
    {
      "uuid": "44f08ecd-1a7f-45df-901c-b956a13bf86e",
      "title": "",
      "fullFile": "cypress\\e2e\\2-teacher\\2.courseSetup.cy.js",
      "file": "cypress\\e2e\\2-teacher\\2.courseSetup.cy.js",
      "beforeHooks": [],
      "afterHooks": [],
      "tests": [],
      "suites": [
        {
          "uuid": "1903b23c-a1bf-4b29-85d6-d4da4fdd1c65",
          "title": "Course Publish",
          "fullFile": "",
          "file": "",
          "beforeHooks": [],
          "afterHooks": [],
          "tests": [
            {
              "title": "Course publish button is disabled if the fields are not filled",
              "fullTitle": "Course Publish Course publish button is disabled if the fields are not filled",
              "timedOut": null,
              "duration": 5674,
              "state": "passed",
              "speed": "medium",
              "pass": true,
              "fail": false,
              "pending": false,
              "context": null,
              "code": "cy.get('input[type=\"text\"]').type(\"abc@gmail.com\");\ncy.get(\".cl-formButtonPrimary\").click();\ncy.get('input[type=\"password\"]').type(\"Prithvi@1241\");\ncy.get(\"button\").contains(\"Continue\").click();\ncy.contains(\"Dashboard\").should(\"be.visible\");\ncy.contains(\"Teacher Mode\").click();\ncy.get('button[aria-haspopup=\"menu\"]').click();\ncy.contains(\"Edit\").click();\ncy.get(\"button\").contains(\"Publish\").should(\"be.disabled\");",
              "err": {},
              "uuid": "48a10a86-b133-448c-9ce5-f2024eb7a45f",
              "parentUUID": "1903b23c-a1bf-4b29-85d6-d4da4fdd1c65",
              "isHook": false,
              "skipped": false
            },
            {
              "title": "Course publish button is enabled if all the fields are filled",
              "fullTitle": "Course Publish Course publish button is enabled if all the fields are filled",
              "timedOut": null,
              "duration": 7450,
              "state": "passed",
              "speed": "medium",
              "pass": true,
              "fail": false,
              "pending": false,
              "context": null,
              "code": "cy.get('input[type=\"text\"]').type(\"abc@gmail.com\");\ncy.get(\".cl-formButtonPrimary\").click();\ncy.get('input[type=\"password\"]').type(\"Prithvi@1241\");\ncy.get(\"button\").contains(\"Continue\").click();\ncy.contains(\"Dashboard\").should(\"be.visible\");\ncy.contains(\"Teacher Mode\").click();\ncy.get('button[aria-haspopup=\"menu\"]').click();\ncy.contains(\"Edit\").last().click();\ncy.contains(\"Edit description\").click();\ncy.get('textarea[name=\"description\"]').type(\"Unlock the power of yoga and embark on a transformative journey toward physical and mental well-being.\");\ncy.contains(\"Save\").click();\ncy.get(\"button\").contains(\"Publish\").click();",
              "err": {},
              "uuid": "2d765607-fdd8-46ac-86e3-cf4d7b48e0e5",
              "parentUUID": "1903b23c-a1bf-4b29-85d6-d4da4fdd1c65",
              "isHook": false,
              "skipped": false
            }
          ],
          "suites": [],
          "passes": [
            "48a10a86-b133-448c-9ce5-f2024eb7a45f",
            "2d765607-fdd8-46ac-86e3-cf4d7b48e0e5"
          ],
          "failures": [],
          "pending": [],
          "skipped": [],
          "duration": 13124,
          "root": false,
          "rootEmpty": false,
          "_timeout": 2000
        }
      ],
      "passes": [],
      "failures": [],
      "pending": [],
      "skipped": [],
      "duration": 0,
      "root": true,
      "rootEmpty": true,
      "_timeout": 2000
    }
  ],
  "meta": {
    "mocha": {
      "version": "7.0.1"
    },
    "mochawesome": {
      "options": {
        "quiet": false,
        "reportFilename": "mochawesome",
        "saveHtml": true,
        "saveJson": true,
        "consoleReporter": "spec",
        "useInlineDiffs": false,
        "code": true
      },
      "version": "7.1.3"
    },
    "marge": {
      "options": {
        "reportDir": "cypress/reports",
        "overwrite": false,
        "html": true,
        "json": true
      },
      "version": "6.2.0"
    }
  }
}