{
  "stats": {
    "suites": 1,
    "tests": 1,
    "passes": 1,
    "pending": 0,
    "failures": 0,
    "start": "2024-11-10T17:21:42.228Z",
    "end": "2024-11-10T17:21:51.502Z",
    "duration": 9274,
    "testsRegistered": 1,
    "passPercent": 100,
    "pendingPercent": 0,
    "other": 0,
    "hasOther": false,
    "skipped": 0,
    "hasSkipped": false
  },
  "results": [
    {
      "uuid": "4dc390e8-9473-4419-b3ef-d563f898a8d9",
      "title": "",
      "fullFile": "cypress\\e2e\\1-student\\3.searchTest.cy.js",
      "file": "cypress\\e2e\\1-student\\3.searchTest.cy.js",
      "beforeHooks": [],
      "afterHooks": [],
      "tests": [],
      "suites": [
        {
          "uuid": "cbdfa598-e783-4d1c-8afb-92b92427d607",
          "title": "Search function test",
          "fullFile": "",
          "file": "",
          "beforeHooks": [],
          "afterHooks": [],
          "tests": [
            {
              "title": "filterning using search fields",
              "fullTitle": "Search function test filterning using search fields",
              "timedOut": null,
              "duration": 6791,
              "state": "passed",
              "speed": "medium",
              "pass": true,
              "fail": false,
              "pending": false,
              "context": null,
              "code": "cy.get('input[type=\"text\"]').type(\"abc@gmail.com\");\ncy.get(\".cl-formButtonPrimary\").click();\ncy.get('input[type=\"password\"]').type(\"Prithvi@1241\");\ncy.get(\"button\").contains(\"Continue\").click();\ncy.contains(\"Browse\").click();\ncy.get(\"input\").first().type(\"Rea\");\ncy.contains(\"React\").should(\"be.visible\");",
              "err": {},
              "uuid": "9b000cdc-a4fa-4baf-967c-c473f7a7bd7c",
              "parentUUID": "cbdfa598-e783-4d1c-8afb-92b92427d607",
              "isHook": false,
              "skipped": false
            }
          ],
          "suites": [],
          "passes": [
            "9b000cdc-a4fa-4baf-967c-c473f7a7bd7c"
          ],
          "failures": [],
          "pending": [],
          "skipped": [],
          "duration": 6791,
          "root": false,
          "rootEmpty": false,
          "_timeout": 2000
        }
      ],
      "passes": [],
      "failures": [],
      "pending": [],
      "skipped": [],
      "duration": 0,
      "root": true,
      "rootEmpty": true,
      "_timeout": 2000
    }
  ],
  "meta": {
    "mocha": {
      "version": "7.0.1"
    },
    "mochawesome": {
      "options": {
        "quiet": false,
        "reportFilename": "mochawesome",
        "saveHtml": true,
        "saveJson": true,
        "consoleReporter": "spec",
        "useInlineDiffs": false,
        "code": true
      },
      "version": "7.1.3"
    },
    "marge": {
      "options": {
        "reportDir": "cypress/reports",
        "overwrite": false,
        "html": true,
        "json": true
      },
      "version": "6.2.0"
    }
  }
}