{
  "stats": {
    "suites": 1,
    "tests": 4,
    "passes": 4,
    "pending": 0,
    "failures": 0,
    "start": "2024-11-10T06:35:48.933Z",
    "end": "2024-11-10T06:36:11.517Z",
    "duration": 22584,
    "testsRegistered": 4,
    "passPercent": 100,
    "pendingPercent": 0,
    "other": 0,
    "hasOther": false,
    "skipped": 0,
    "hasSkipped": false
  },
  "results": [
    {
      "uuid": "28edbb08-2f72-4fbf-bd43-8adbfd0f841c",
      "title": "",
      "fullFile": "cypress\\e2e\\2-teacher\\3.loginTest.cy.js",
      "file": "cypress\\e2e\\2-teacher\\3.loginTest.cy.js",
      "beforeHooks": [],
      "afterHooks": [],
      "tests": [],
      "suites": [
        {
          "uuid": "edb6c1bf-e134-449a-b4e4-abc5d547e6ab",
          "title": "Teacher Login",
          "fullFile": "",
          "file": "",
          "beforeHooks": [],
          "afterHooks": [],
          "tests": [
            {
              "title": "Teacher login, teacher mode button is enabled",
              "fullTitle": "Teacher Login Teacher login, teacher mode button is enabled",
              "timedOut": null,
              "duration": 5291,
              "state": "passed",
              "speed": "medium",
              "pass": true,
              "fail": false,
              "pending": false,
              "context": null,
              "code": "cy.get('input[type=\"text\"]').type(\"abc@gmail.com\");\ncy.get(\".cl-formButtonPrimary\").click();\ncy.get('input[type=\"password\"]').type(\"Prithvi@1241\");\ncy.get(\"button\").contains(\"Continue\").click();\ncy.contains(\"Dashboard\").should(\"be.visible\");\ncy.contains(\"Teacher Mode\").click();",
              "err": {},
              "uuid": "ac543d14-2493-4707-8986-8d8c05c290d5",
              "parentUUID": "edb6c1bf-e134-449a-b4e4-abc5d547e6ab",
              "isHook": false,
              "skipped": false
            },
            {
              "title": "create new course",
              "fullTitle": "Teacher Login create new course",
              "timedOut": null,
              "duration": 4650,
              "state": "passed",
              "speed": "fast",
              "pass": true,
              "fail": false,
              "pending": false,
              "context": null,
              "code": "cy.get('input[type=\"text\"]').type(\"abc@gmail.com\");\ncy.get(\".cl-formButtonPrimary\").click();\ncy.get('input[type=\"password\"]').type(\"Prithvi@1241\");\ncy.get(\"button\").contains(\"Continue\").click();\ncy.contains(\"Dashboard\").should(\"be.visible\");\ncy.contains(\"Teacher Mode\").click();\ncy.contains(\"New Course\").click();\ncy.contains(\"Course title\").should(\"be.visible\");",
              "err": {},
              "uuid": "047981e9-51f0-4e19-b634-a3cc0c8ecb88",
              "parentUUID": "edb6c1bf-e134-449a-b4e4-abc5d547e6ab",
              "isHook": false,
              "skipped": false
            },
            {
              "title": "Check if the continue button is disabled if the title is not given",
              "fullTitle": "Teacher Login Check if the continue button is disabled if the title is not given",
              "timedOut": null,
              "duration": 4709,
              "state": "passed",
              "speed": "fast",
              "pass": true,
              "fail": false,
              "pending": false,
              "context": null,
              "code": "cy.get('input[type=\"text\"]').type(\"abc@gmail.com\");\ncy.get(\".cl-formButtonPrimary\").click();\ncy.get('input[type=\"password\"]').type(\"Prithvi@1241\");\ncy.get(\"button\").contains(\"Continue\").click();\ncy.contains(\"Dashboard\").should(\"be.visible\");\ncy.contains(\"Teacher Mode\").click();\ncy.contains(\"New Course\").click();\ncy.contains(\"Course title\").should(\"be.visible\");\ncy.get(\"button\").contains(\"Continue\").should(\"be.disabled\");",
              "err": {},
              "uuid": "7c04c3fd-29c8-470b-b4db-e412624aac8d",
              "parentUUID": "edb6c1bf-e134-449a-b4e4-abc5d547e6ab",
              "isHook": false,
              "skipped": false
            },
            {
              "title": "Check if the continue button is enabled if the title is given",
              "fullTitle": "Teacher Login Check if the continue button is enabled if the title is given",
              "timedOut": null,
              "duration": 5350,
              "state": "passed",
              "speed": "medium",
              "pass": true,
              "fail": false,
              "pending": false,
              "context": null,
              "code": "cy.get('input[type=\"text\"]').type(\"abc@gmail.com\");\ncy.get(\".cl-formButtonPrimary\").click();\ncy.get('input[type=\"password\"]').type(\"Prithvi@1241\");\ncy.get(\"button\").contains(\"Continue\").click();\ncy.contains(\"Dashboard\").should(\"be.visible\");\ncy.contains(\"Teacher Mode\").click();\ncy.contains(\"New Course\").click();\ncy.contains(\"Course title\").should(\"be.visible\");\ncy.get(\"input\").type(\"Test1\");\ncy.contains(\"Continue\").click();",
              "err": {},
              "uuid": "6ec105fb-bb17-4248-821e-bc9cd925feba",
              "parentUUID": "edb6c1bf-e134-449a-b4e4-abc5d547e6ab",
              "isHook": false,
              "skipped": false
            }
          ],
          "suites": [],
          "passes": [
            "ac543d14-2493-4707-8986-8d8c05c290d5",
            "047981e9-51f0-4e19-b634-a3cc0c8ecb88",
            "7c04c3fd-29c8-470b-b4db-e412624aac8d",
            "6ec105fb-bb17-4248-821e-bc9cd925feba"
          ],
          "failures": [],
          "pending": [],
          "skipped": [],
          "duration": 20000,
          "root": false,
          "rootEmpty": false,
          "_timeout": 2000
        }
      ],
      "passes": [],
      "failures": [],
      "pending": [],
      "skipped": [],
      "duration": 0,
      "root": true,
      "rootEmpty": true,
      "_timeout": 2000
    }
  ],
  "meta": {
    "mocha": {
      "version": "7.0.1"
    },
    "mochawesome": {
      "options": {
        "quiet": false,
        "reportFilename": "mochawesome",
        "saveHtml": true,
        "saveJson": true,
        "consoleReporter": "spec",
        "useInlineDiffs": false,
        "code": true
      },
      "version": "7.1.3"
    },
    "marge": {
      "options": {
        "reportDir": "cypress/reports",
        "overwrite": false,
        "html": true,
        "json": true
      },
      "version": "6.2.0"
    }
  }
}