{
  "stats": {
    "suites": 1,
    "tests": 4,
    "passes": 4,
    "pending": 0,
    "failures": 0,
    "start": "2024-11-10T17:21:08.769Z",
    "end": "2024-11-10T17:21:23.676Z",
    "duration": 14907,
    "testsRegistered": 4,
    "passPercent": 100,
    "pendingPercent": 0,
    "other": 0,
    "hasOther": false,
    "skipped": 0,
    "hasSkipped": false
  },
  "results": [
    {
      "uuid": "7048ff47-ea9c-40ad-a555-86afb033b997",
      "title": "",
      "fullFile": "cypress\\e2e\\1-student\\1.loginTest.cy.js",
      "file": "cypress\\e2e\\1-student\\1.loginTest.cy.js",
      "beforeHooks": [],
      "afterHooks": [],
      "tests": [],
      "suites": [
        {
          "uuid": "eb2571f3-c4b1-431c-b9fb-63e77317eb3a",
          "title": "Learnify Login Page Tests",
          "fullFile": "",
          "file": "",
          "beforeHooks": [],
          "afterHooks": [],
          "tests": [
            {
              "title": "should display all UI elements",
              "fullTitle": "Learnify Login Page Tests should display all UI elements",
              "timedOut": null,
              "duration": 2793,
              "state": "passed",
              "speed": "fast",
              "pass": true,
              "fail": false,
              "pending": false,
              "context": null,
              "code": "// Check if the main title and elements are visible\ncy.contains(\"Sign in to Learnify\").should(\"be.visible\");\ncy.contains(\"Continue with Google\").should(\"be.visible\");\ncy.contains(\"Email address\").should(\"be.visible\");\ncy.get('input[type=\"text\"]').should(\"be.visible\");\ncy.get(\"button\").contains(\"Continue\").should(\"be.visible\");\ncy.contains(\"Sign up\").should(\"be.visible\");",
              "err": {},
              "uuid": "dabac964-c0f7-486b-9479-b39d44c7d554",
              "parentUUID": "eb2571f3-c4b1-431c-b9fb-63e77317eb3a",
              "isHook": false,
              "skipped": false
            },
            {
              "title": "should show validation message for invalid email format",
              "fullTitle": "Learnify Login Page Tests should show validation message for invalid email format",
              "timedOut": null,
              "duration": 1834,
              "state": "passed",
              "speed": "fast",
              "pass": true,
              "fail": false,
              "pending": false,
              "context": null,
              "code": "// Type an invalid email\ncy.get('input[type=\"text\"]').type(\"abc.123\");\ncy.get(\".cl-formButtonPrimary\").click();\n// Check the validation message directly on the input field\ncy.get('input[type=\"text\"]').then($input => {\n  expect($input[0].validationMessage).to.eq(\"Please match the requested format.\");\n});",
              "err": {},
              "uuid": "a32d4967-7bf5-4d9b-84d6-ab2a803cc96f",
              "parentUUID": "eb2571f3-c4b1-431c-b9fb-63e77317eb3a",
              "isHook": false,
              "skipped": false
            },
            {
              "title": "should show error when email field is empty",
              "fullTitle": "Learnify Login Page Tests should show error when email field is empty",
              "timedOut": null,
              "duration": 1555,
              "state": "passed",
              "speed": "fast",
              "pass": true,
              "fail": false,
              "pending": false,
              "context": null,
              "code": "// Click continue without entering an email\ncy.get(\".cl-formButtonPrimary\").click();\n// Check if error message is shown\ncy.get('input[type=\"text\"]').then($input => {\n  expect($input[0].validationMessage).to.eq(\"Please fill out this field.\");\n});",
              "err": {},
              "uuid": "5be0ceb3-48e1-4e4f-8779-a22eee2e4a27",
              "parentUUID": "eb2571f3-c4b1-431c-b9fb-63e77317eb3a",
              "isHook": false,
              "skipped": false
            },
            {
              "title": "should login successfully when authenticated user logs in",
              "fullTitle": "Learnify Login Page Tests should login successfully when authenticated user logs in",
              "timedOut": null,
              "duration": 4325,
              "state": "passed",
              "speed": "fast",
              "pass": true,
              "fail": false,
              "pending": false,
              "context": null,
              "code": "cy.get('input[type=\"text\"]').type(\"abc@gmail.com\");\ncy.get(\".cl-formButtonPrimary\").click();\n//cy.get('input[type=\"password\"]', { timeout: 10000 }).should(\"be.visible\");\ncy.get('input[type=\"password\"]').type(\"Prithvi@1241\");\ncy.get(\"button\").contains(\"Continue\").click();\ncy.contains(\"Dashboard\").should(\"be.visible\");\ncy.contains(\"Browse\").should(\"be.visible\");",
              "err": {},
              "uuid": "bc6a92af-093e-46c7-ac58-6c86eb7eb450",
              "parentUUID": "eb2571f3-c4b1-431c-b9fb-63e77317eb3a",
              "isHook": false,
              "skipped": false
            }
          ],
          "suites": [],
          "passes": [
            "dabac964-c0f7-486b-9479-b39d44c7d554",
            "a32d4967-7bf5-4d9b-84d6-ab2a803cc96f",
            "5be0ceb3-48e1-4e4f-8779-a22eee2e4a27",
            "bc6a92af-093e-46c7-ac58-6c86eb7eb450"
          ],
          "failures": [],
          "pending": [],
          "skipped": [],
          "duration": 10507,
          "root": false,
          "rootEmpty": false,
          "_timeout": 2000
        }
      ],
      "passes": [],
      "failures": [],
      "pending": [],
      "skipped": [],
      "duration": 0,
      "root": true,
      "rootEmpty": true,
      "_timeout": 2000
    }
  ],
  "meta": {
    "mocha": {
      "version": "7.0.1"
    },
    "mochawesome": {
      "options": {
        "quiet": false,
        "reportFilename": "mochawesome",
        "saveHtml": true,
        "saveJson": true,
        "consoleReporter": "spec",
        "useInlineDiffs": false,
        "code": true
      },
      "version": "7.1.3"
    },
    "marge": {
      "options": {
        "reportDir": "cypress/reports",
        "overwrite": false,
        "html": true,
        "json": true
      },
      "version": "6.2.0"
    }
  }
}