{
  "stats": {
    "suites": 1,
    "tests": 2,
    "passes": 0,
    "pending": 0,
    "failures": 2,
    "start": "2024-11-10T06:14:52.637Z",
    "end": "2024-11-10T06:15:16.934Z",
    "duration": 24297,
    "testsRegistered": 2,
    "passPercent": 0,
    "pendingPercent": 0,
    "other": 0,
    "hasOther": false,
    "skipped": 0,
    "hasSkipped": false
  },
  "results": [
    {
      "uuid": "3e698a58-904c-481b-ba31-7f64ed49f08d",
      "title": "",
      "fullFile": "cypress\\e2e\\1-student\\7.courseAfterPurchase.cy.js",
      "file": "cypress\\e2e\\1-student\\7.courseAfterPurchase.cy.js",
      "beforeHooks": [],
      "afterHooks": [],
      "tests": [],
      "suites": [
        {
          "uuid": "97b91818-d02b-44c5-9565-27343315d447",
          "title": "Course After Purchase",
          "fullFile": "",
          "file": "",
          "beforeHooks": [],
          "afterHooks": [],
          "tests": [
            {
              "title": "check whether the couse is unlocked after purchase",
              "fullTitle": "Course After Purchase check whether the couse is unlocked after purchase",
              "timedOut": null,
              "duration": 11483,
              "state": "failed",
              "speed": null,
              "pass": false,
              "fail": true,
              "pending": false,
              "context": null,
              "code": "cy.get('input[type=\"text\"]').type(\"abc@gmail.com\");\ncy.get(\".cl-formButtonPrimary\").click();\ncy.get('input[type=\"password\"]').type(\"Prithvi@1241\");\ncy.get(\"button\").contains(\"Continue\").click();\ncy.contains(\"Browse\").click();\ncy.get('img[alt=\"Photography\"]').click();\ncy.contains(\"Enroll for\").should(\"not.exist\");\ncy.contains(\"Intro\").click();\ncy.contains(\"This chapter is locked.\").should(\"not.exist\");\ncy.contains(\"Mark as complete\");",
              "err": {
                "message": "AssertionError: Timed out retrying after 4000ms: Expected to find content: 'Mark as complete' but never did.",
                "estack": "AssertionError: Timed out retrying after 4000ms: Expected to find content: 'Mark as complete' but never did.\n    at Context.eval (webpack://education_platform/./cypress/e2e/1-student/7.courseAfterPurchase.cy.js:17:7)",
                "diff": null
              },
              "uuid": "9bb4dcf9-120a-41b4-8515-a5838fe783f7",
              "parentUUID": "97b91818-d02b-44c5-9565-27343315d447",
              "isHook": false,
              "skipped": false
            },
            {
              "title": "check whether the course progress updates after chapter completion",
              "fullTitle": "Course After Purchase check whether the course progress updates after chapter completion",
              "timedOut": null,
              "duration": 10310,
              "state": "failed",
              "speed": null,
              "pass": false,
              "fail": true,
              "pending": false,
              "context": null,
              "code": "cy.get('input[type=\"text\"]').type(\"abc@gmail.com\");\ncy.get(\".cl-formButtonPrimary\").click();\ncy.get('input[type=\"password\"]').type(\"Prithvi@1241\");\ncy.get(\"button\").contains(\"Continue\").click();\ncy.contains(\"Browse\").click();\ncy.get('img[alt=\"Photography\"]').click();\ncy.contains(\"Enroll for\").should(\"not.exist\");\ncy.contains(\"Intro\").click();\ncy.contains(\"This chapter is locked.\").should(\"not.exist\");\ncy.contains(\"Mark as complete\").click();\ncy.contains(\"% Complete\");",
              "err": {
                "message": "AssertionError: Timed out retrying after 4000ms: Expected to find content: 'Mark as complete' but never did.",
                "estack": "AssertionError: Timed out retrying after 4000ms: Expected to find content: 'Mark as complete' but never did.\n    at Context.eval (webpack://education_platform/./cypress/e2e/1-student/7.courseAfterPurchase.cy.js:30:7)",
                "diff": null
              },
              "uuid": "e17dfbba-e0ca-4e99-8265-350e09e3a0c1",
              "parentUUID": "97b91818-d02b-44c5-9565-27343315d447",
              "isHook": false,
              "skipped": false
            }
          ],
          "suites": [],
          "passes": [],
          "failures": [
            "9bb4dcf9-120a-41b4-8515-a5838fe783f7",
            "e17dfbba-e0ca-4e99-8265-350e09e3a0c1"
          ],
          "pending": [],
          "skipped": [],
          "duration": 21793,
          "root": false,
          "rootEmpty": false,
          "_timeout": 2000
        }
      ],
      "passes": [],
      "failures": [],
      "pending": [],
      "skipped": [],
      "duration": 0,
      "root": true,
      "rootEmpty": true,
      "_timeout": 2000
    }
  ],
  "meta": {
    "mocha": {
      "version": "7.0.1"
    },
    "mochawesome": {
      "options": {
        "quiet": false,
        "reportFilename": "mochawesome",
        "saveHtml": true,
        "saveJson": true,
        "consoleReporter": "spec",
        "useInlineDiffs": false,
        "code": true
      },
      "version": "7.1.3"
    },
    "marge": {
      "options": {
        "reportDir": "cypress/reports",
        "overwrite": false,
        "html": true,
        "json": true
      },
      "version": "6.2.0"
    }
  }
}