{
  "stats": {
    "suites": 1,
    "tests": 1,
    "passes": 0,
    "pending": 0,
    "failures": 1,
    "start": "2024-11-10T06:34:36.921Z",
    "end": "2024-11-10T06:34:50.153Z",
    "duration": 13232,
    "testsRegistered": 1,
    "passPercent": 0,
    "pendingPercent": 0,
    "other": 0,
    "hasOther": false,
    "skipped": 0,
    "hasSkipped": false
  },
  "results": [
    {
      "uuid": "736af744-d4e4-4803-8fb5-04905d013bef",
      "title": "",
      "fullFile": "cypress\\e2e\\1-student\\6.courseBeforePurchase.cy.js",
      "file": "cypress\\e2e\\1-student\\6.courseBeforePurchase.cy.js",
      "beforeHooks": [],
      "afterHooks": [],
      "tests": [],
      "suites": [
        {
          "uuid": "63aaa2c2-6844-4d04-b85a-a06a623dff1a",
          "title": "Course Before purchase",
          "fullFile": "",
          "file": "",
          "beforeHooks": [],
          "afterHooks": [],
          "tests": [
            {
              "title": "check whether the couse is locked before purchase",
              "fullTitle": "Course Before purchase check whether the couse is locked before purchase",
              "timedOut": null,
              "duration": 10538,
              "state": "failed",
              "speed": null,
              "pass": false,
              "fail": true,
              "pending": false,
              "context": null,
              "code": "cy.get('input[type=\"text\"]').type(\"abc@gmail.com\");\ncy.get(\".cl-formButtonPrimary\").click();\ncy.get('input[type=\"password\"]').type(\"Prithvi@1241\");\ncy.get(\"button\").contains(\"Continue\").click();\ncy.contains(\"Browse\").click();\ncy.get('img[alt=\"Photography\"]').click();\ncy.contains(\"Enroll for\").should(\"be.visible\");\ncy.contains(\"Module 1\").click();\ncy.contains(\"This chapter is locked.\").should(\"be.visible\");",
              "err": {
                "message": "AssertionError: Timed out retrying after 4000ms: Expected to find content: 'Enroll for' but never did.",
                "estack": "AssertionError: Timed out retrying after 4000ms: Expected to find content: 'Enroll for' but never did.\n    at Context.eval (webpack://education_platform/./cypress/e2e/1-student/6.courseBeforePurchase.cy.js:14:30)",
                "diff": null
              },
              "uuid": "f2ad1d96-5a12-4ba1-bdde-5ebf18a12299",
              "parentUUID": "63aaa2c2-6844-4d04-b85a-a06a623dff1a",
              "isHook": false,
              "skipped": false
            }
          ],
          "suites": [],
          "passes": [],
          "failures": [
            "f2ad1d96-5a12-4ba1-bdde-5ebf18a12299"
          ],
          "pending": [],
          "skipped": [],
          "duration": 10538,
          "root": false,
          "rootEmpty": false,
          "_timeout": 2000
        }
      ],
      "passes": [],
      "failures": [],
      "pending": [],
      "skipped": [],
      "duration": 0,
      "root": true,
      "rootEmpty": true,
      "_timeout": 2000
    }
  ],
  "meta": {
    "mocha": {
      "version": "7.0.1"
    },
    "mochawesome": {
      "options": {
        "quiet": false,
        "reportFilename": "mochawesome",
        "saveHtml": true,
        "saveJson": true,
        "consoleReporter": "spec",
        "useInlineDiffs": false,
        "code": true
      },
      "version": "7.1.3"
    },
    "marge": {
      "options": {
        "reportDir": "cypress/reports",
        "overwrite": false,
        "html": true,
        "json": true
      },
      "version": "6.2.0"
    }
  }
}