{
  "stats": {
    "suites": 1,
    "tests": 1,
    "passes": 0,
    "pending": 0,
    "failures": 1,
    "start": "2024-11-10T06:15:19.792Z",
    "end": "2024-11-10T06:15:31.307Z",
    "duration": 11515,
    "testsRegistered": 1,
    "passPercent": 0,
    "pendingPercent": 0,
    "other": 0,
    "hasOther": false,
    "skipped": 0,
    "hasSkipped": false
  },
  "results": [
    {
      "uuid": "f8c4ed0a-17e8-4de4-8e4d-8f247d5db5f1",
      "title": "",
      "fullFile": "cypress\\e2e\\1-student\\8.dashboardUpdate.cy.js",
      "file": "cypress\\e2e\\1-student\\8.dashboardUpdate.cy.js",
      "beforeHooks": [],
      "afterHooks": [],
      "tests": [],
      "suites": [
        {
          "uuid": "72c486a7-6edf-4b0e-8755-f73614fcea8f",
          "title": "CDashboard Update ",
          "fullFile": "",
          "file": "",
          "beforeHooks": [],
          "afterHooks": [],
          "tests": [
            {
              "title": "course dispalyed on student dashboard after purchase",
              "fullTitle": "CDashboard Update  course dispalyed on student dashboard after purchase",
              "timedOut": null,
              "duration": 8673,
              "state": "failed",
              "speed": null,
              "pass": false,
              "fail": true,
              "pending": false,
              "context": null,
              "code": "cy.get('input[type=\"text\"]').type(\"abc@gmail.com\");\ncy.get(\".cl-formButtonPrimary\").click();\ncy.get('input[type=\"password\"]').type(\"Prithvi@1241\");\ncy.get(\"button\").contains(\"Continue\").click();\ncy.get('img[alt=\"Photography\"]').click();",
              "err": {
                "message": "AssertionError: Timed out retrying after 4000ms: Expected to find element: `img[alt=\"Photography\"]`, but never found it.",
                "estack": "AssertionError: Timed out retrying after 4000ms: Expected to find element: `img[alt=\"Photography\"]`, but never found it.\n    at Context.eval (webpack://education_platform/./cypress/e2e/1-student/8.dashboardUpdate.cy.js:12:7)",
                "diff": null
              },
              "uuid": "d1071079-30b9-4477-85d6-883f751b7de3",
              "parentUUID": "72c486a7-6edf-4b0e-8755-f73614fcea8f",
              "isHook": false,
              "skipped": false
            }
          ],
          "suites": [],
          "passes": [],
          "failures": [
            "d1071079-30b9-4477-85d6-883f751b7de3"
          ],
          "pending": [],
          "skipped": [],
          "duration": 8673,
          "root": false,
          "rootEmpty": false,
          "_timeout": 2000
        }
      ],
      "passes": [],
      "failures": [],
      "pending": [],
      "skipped": [],
      "duration": 0,
      "root": true,
      "rootEmpty": true,
      "_timeout": 2000
    }
  ],
  "meta": {
    "mocha": {
      "version": "7.0.1"
    },
    "mochawesome": {
      "options": {
        "quiet": false,
        "reportFilename": "mochawesome",
        "saveHtml": true,
        "saveJson": true,
        "consoleReporter": "spec",
        "useInlineDiffs": false,
        "code": true
      },
      "version": "7.1.3"
    },
    "marge": {
      "options": {
        "reportDir": "cypress/reports",
        "overwrite": false,
        "html": true,
        "json": true
      },
      "version": "6.2.0"
    }
  }
}