{
  "stats": {
    "suites": 1,
    "tests": 1,
    "passes": 0,
    "pending": 0,
    "failures": 1,
    "start": "2024-11-10T17:22:26.926Z",
    "end": "2024-11-10T17:22:40.418Z",
    "duration": 13492,
    "testsRegistered": 1,
    "passPercent": 0,
    "pendingPercent": 0,
    "other": 0,
    "hasOther": false,
    "skipped": 0,
    "hasSkipped": false
  },
  "results": [
    {
      "uuid": "d421b176-793f-46ec-91e4-1af084273d42",
      "title": "",
      "fullFile": "cypress\\e2e\\1-student\\6.courseBeforePurchase.cy.js",
      "file": "cypress\\e2e\\1-student\\6.courseBeforePurchase.cy.js",
      "beforeHooks": [],
      "afterHooks": [],
      "tests": [],
      "suites": [
        {
          "uuid": "fecaf913-4086-446f-bd10-b0d8acd7551d",
          "title": "Course Before purchase",
          "fullFile": "",
          "file": "",
          "beforeHooks": [],
          "afterHooks": [],
          "tests": [
            {
              "title": "check whether the couse is locked before purchase",
              "fullTitle": "Course Before purchase check whether the couse is locked before purchase",
              "timedOut": null,
              "duration": 10635,
              "state": "failed",
              "speed": null,
              "pass": false,
              "fail": true,
              "pending": false,
              "context": null,
              "code": "cy.get('input[type=\"text\"]').type(\"abc@gmail.com\");\ncy.get(\".cl-formButtonPrimary\").click();\ncy.get('input[type=\"password\"]').type(\"Prithvi@1241\");\ncy.get(\"button\").contains(\"Continue\").click();\ncy.contains(\"Browse\").click();\ncy.get('img[alt=\"Photography\"]').click();\ncy.contains(\"Enroll for\").should(\"be.visible\");\ncy.contains(\"Module 1\").click();\ncy.contains(\"This chapter is locked.\").should(\"be.visible\");",
              "err": {
                "message": "AssertionError: Timed out retrying after 4000ms: Expected to find content: 'Enroll for' but never did.",
                "estack": "AssertionError: Timed out retrying after 4000ms: Expected to find content: 'Enroll for' but never did.\n    at Context.eval (webpack://education_platform/./cypress/e2e/1-student/6.courseBeforePurchase.cy.js:14:30)",
                "diff": null
              },
              "uuid": "da27494f-f0b6-4882-828b-e874108e0cb3",
              "parentUUID": "fecaf913-4086-446f-bd10-b0d8acd7551d",
              "isHook": false,
              "skipped": false
            }
          ],
          "suites": [],
          "passes": [],
          "failures": [
            "da27494f-f0b6-4882-828b-e874108e0cb3"
          ],
          "pending": [],
          "skipped": [],
          "duration": 10635,
          "root": false,
          "rootEmpty": false,
          "_timeout": 2000
        }
      ],
      "passes": [],
      "failures": [],
      "pending": [],
      "skipped": [],
      "duration": 0,
      "root": true,
      "rootEmpty": true,
      "_timeout": 2000
    }
  ],
  "meta": {
    "mocha": {
      "version": "7.0.1"
    },
    "mochawesome": {
      "options": {
        "quiet": false,
        "reportFilename": "mochawesome",
        "saveHtml": true,
        "saveJson": true,
        "consoleReporter": "spec",
        "useInlineDiffs": false,
        "code": true
      },
      "version": "7.1.3"
    },
    "marge": {
      "options": {
        "reportDir": "cypress/reports",
        "overwrite": false,
        "html": true,
        "json": true
      },
      "version": "6.2.0"
    }
  }
}