{
  "stats": {
    "suites": 1,
    "tests": 2,
    "passes": 2,
    "pending": 0,
    "failures": 0,
    "start": "2024-11-10T17:22:45.378Z",
    "end": "2024-11-10T17:22:59.902Z",
    "duration": 14524,
    "testsRegistered": 2,
    "passPercent": 100,
    "pendingPercent": 0,
    "other": 0,
    "hasOther": false,
    "skipped": 0,
    "hasSkipped": false
  },
  "results": [
    {
      "uuid": "36aa2fd0-1412-4568-963e-c59fbb99fc32",
      "title": "",
      "fullFile": "cypress\\e2e\\1-student\\7.courseAfterPurchase.cy.js",
      "file": "cypress\\e2e\\1-student\\7.courseAfterPurchase.cy.js",
      "beforeHooks": [],
      "afterHooks": [],
      "tests": [],
      "suites": [
        {
          "uuid": "2a774439-cc1f-48ad-a233-bb3b33878cc2",
          "title": "Course After Purchase",
          "fullFile": "",
          "file": "",
          "beforeHooks": [],
          "afterHooks": [],
          "tests": [
            {
              "title": "check whether the couse is unlocked after purchase",
              "fullTitle": "Course After Purchase check whether the couse is unlocked after purchase",
              "timedOut": null,
              "duration": 6848,
              "state": "passed",
              "speed": "medium",
              "pass": true,
              "fail": false,
              "pending": false,
              "context": null,
              "code": "cy.get('input[type=\"text\"]').type(\"abc@gmail.com\");\ncy.get(\".cl-formButtonPrimary\").click();\ncy.get('input[type=\"password\"]').type(\"Prithvi@1241\");\ncy.get(\"button\").contains(\"Continue\").click();\ncy.contains(\"Browse\").click();\ncy.get('img[alt=\"Photography\"]').click();\ncy.contains(\"Enroll for\").should(\"not.exist\");\ncy.contains(\"Intro\").click();\ncy.contains(\"This chapter is locked.\").should(\"not.exist\");\ncy.contains(\"Not completed\");",
              "err": {},
              "uuid": "7bbbc8dc-3ec1-4411-9361-47d60fe8db71",
              "parentUUID": "2a774439-cc1f-48ad-a233-bb3b33878cc2",
              "isHook": false,
              "skipped": false
            },
            {
              "title": "check whether the course progress updates after chapter completion",
              "fullTitle": "Course After Purchase check whether the course progress updates after chapter completion",
              "timedOut": null,
              "duration": 4910,
              "state": "passed",
              "speed": "fast",
              "pass": true,
              "fail": false,
              "pending": false,
              "context": null,
              "code": "cy.get('input[type=\"text\"]').type(\"abc@gmail.com\");\ncy.get(\".cl-formButtonPrimary\").click();\ncy.get('input[type=\"password\"]').type(\"Prithvi@1241\");\ncy.get(\"button\").contains(\"Continue\").click();\ncy.contains(\"Browse\").click();\ncy.get('img[alt=\"Photography\"]').click();\ncy.contains(\"Enroll for\").should(\"not.exist\");\ncy.contains(\"Intro\").click();\ncy.contains(\"This chapter is locked.\").should(\"not.exist\");\n//cy.contains(\"Mark as complete\").click();\ncy.contains(\"% Complete\");",
              "err": {},
              "uuid": "ba4478bd-8464-457f-8e1f-3bdee04e20a5",
              "parentUUID": "2a774439-cc1f-48ad-a233-bb3b33878cc2",
              "isHook": false,
              "skipped": false
            }
          ],
          "suites": [],
          "passes": [
            "7bbbc8dc-3ec1-4411-9361-47d60fe8db71",
            "ba4478bd-8464-457f-8e1f-3bdee04e20a5"
          ],
          "failures": [],
          "pending": [],
          "skipped": [],
          "duration": 11758,
          "root": false,
          "rootEmpty": false,
          "_timeout": 2000
        }
      ],
      "passes": [],
      "failures": [],
      "pending": [],
      "skipped": [],
      "duration": 0,
      "root": true,
      "rootEmpty": true,
      "_timeout": 2000
    }
  ],
  "meta": {
    "mocha": {
      "version": "7.0.1"
    },
    "mochawesome": {
      "options": {
        "quiet": false,
        "reportFilename": "mochawesome",
        "saveHtml": true,
        "saveJson": true,
        "consoleReporter": "spec",
        "useInlineDiffs": false,
        "code": true
      },
      "version": "7.1.3"
    },
    "marge": {
      "options": {
        "reportDir": "cypress/reports",
        "overwrite": false,
        "html": true,
        "json": true
      },
      "version": "6.2.0"
    }
  }
}