{
  "stats": {
    "suites": 1,
    "tests": 4,
    "passes": 4,
    "pending": 0,
    "failures": 0,
    "start": "2024-11-10T17:23:52.640Z",
    "end": "2024-11-10T17:24:15.677Z",
    "duration": 23037,
    "testsRegistered": 4,
    "passPercent": 100,
    "pendingPercent": 0,
    "other": 0,
    "hasOther": false,
    "skipped": 0,
    "hasSkipped": false
  },
  "results": [
    {
      "uuid": "88729c76-78e2-4602-a7ca-437a82320111",
      "title": "",
      "fullFile": "cypress\\e2e\\2-teacher\\3.loginTest.cy.js",
      "file": "cypress\\e2e\\2-teacher\\3.loginTest.cy.js",
      "beforeHooks": [],
      "afterHooks": [],
      "tests": [],
      "suites": [
        {
          "uuid": "4640c30a-034b-4d5f-8309-b712ec1aa52c",
          "title": "Teacher Login",
          "fullFile": "",
          "file": "",
          "beforeHooks": [],
          "afterHooks": [],
          "tests": [
            {
              "title": "Teacher login, teacher mode button is enabled",
              "fullTitle": "Teacher Login Teacher login, teacher mode button is enabled",
              "timedOut": null,
              "duration": 4838,
              "state": "passed",
              "speed": "fast",
              "pass": true,
              "fail": false,
              "pending": false,
              "context": null,
              "code": "cy.get('input[type=\"text\"]').type(\"abc@gmail.com\");\ncy.get(\".cl-formButtonPrimary\").click();\ncy.get('input[type=\"password\"]').type(\"Prithvi@1241\");\ncy.get(\"button\").contains(\"Continue\").click();\ncy.contains(\"Dashboard\").should(\"be.visible\");\ncy.contains(\"Teacher Mode\").click();",
              "err": {},
              "uuid": "eb07e61e-221b-4451-958d-1752f3ec2193",
              "parentUUID": "4640c30a-034b-4d5f-8309-b712ec1aa52c",
              "isHook": false,
              "skipped": false
            },
            {
              "title": "create new course",
              "fullTitle": "Teacher Login create new course",
              "timedOut": null,
              "duration": 4313,
              "state": "passed",
              "speed": "fast",
              "pass": true,
              "fail": false,
              "pending": false,
              "context": null,
              "code": "cy.get('input[type=\"text\"]').type(\"abc@gmail.com\");\ncy.get(\".cl-formButtonPrimary\").click();\ncy.get('input[type=\"password\"]').type(\"Prithvi@1241\");\ncy.get(\"button\").contains(\"Continue\").click();\ncy.contains(\"Dashboard\").should(\"be.visible\");\ncy.contains(\"Teacher Mode\").click();\ncy.contains(\"New Course\").click();\ncy.contains(\"Course title\").should(\"be.visible\");",
              "err": {},
              "uuid": "ecc2367a-964f-41c4-a579-c4dfce37f3ff",
              "parentUUID": "4640c30a-034b-4d5f-8309-b712ec1aa52c",
              "isHook": false,
              "skipped": false
            },
            {
              "title": "Check if the continue button is disabled if the title is not given",
              "fullTitle": "Teacher Login Check if the continue button is disabled if the title is not given",
              "timedOut": null,
              "duration": 4509,
              "state": "passed",
              "speed": "fast",
              "pass": true,
              "fail": false,
              "pending": false,
              "context": null,
              "code": "cy.get('input[type=\"text\"]').type(\"abc@gmail.com\");\ncy.get(\".cl-formButtonPrimary\").click();\ncy.get('input[type=\"password\"]').type(\"Prithvi@1241\");\ncy.get(\"button\").contains(\"Continue\").click();\ncy.contains(\"Dashboard\").should(\"be.visible\");\ncy.contains(\"Teacher Mode\").click();\ncy.contains(\"New Course\").click();\ncy.contains(\"Course title\").should(\"be.visible\");\ncy.get(\"button\").contains(\"Continue\").should(\"be.disabled\");",
              "err": {},
              "uuid": "819a526e-241a-47ec-8a01-351204cfc9b0",
              "parentUUID": "4640c30a-034b-4d5f-8309-b712ec1aa52c",
              "isHook": false,
              "skipped": false
            },
            {
              "title": "Check if the continue button is enabled if the title is given",
              "fullTitle": "Teacher Login Check if the continue button is enabled if the title is given",
              "timedOut": null,
              "duration": 5493,
              "state": "passed",
              "speed": "medium",
              "pass": true,
              "fail": false,
              "pending": false,
              "context": null,
              "code": "cy.get('input[type=\"text\"]').type(\"abc@gmail.com\");\ncy.get(\".cl-formButtonPrimary\").click();\ncy.get('input[type=\"password\"]').type(\"Prithvi@1241\");\ncy.get(\"button\").contains(\"Continue\").click();\ncy.contains(\"Dashboard\").should(\"be.visible\");\ncy.contains(\"Teacher Mode\").click();\ncy.contains(\"New Course\").click();\ncy.contains(\"Course title\").should(\"be.visible\");\ncy.get(\"input\").type(\"Test1\");\ncy.contains(\"Continue\").click();",
              "err": {},
              "uuid": "9dbc3197-61dc-42b1-825a-78c4ec55ee9b",
              "parentUUID": "4640c30a-034b-4d5f-8309-b712ec1aa52c",
              "isHook": false,
              "skipped": false
            }
          ],
          "suites": [],
          "passes": [
            "eb07e61e-221b-4451-958d-1752f3ec2193",
            "ecc2367a-964f-41c4-a579-c4dfce37f3ff",
            "819a526e-241a-47ec-8a01-351204cfc9b0",
            "9dbc3197-61dc-42b1-825a-78c4ec55ee9b"
          ],
          "failures": [],
          "pending": [],
          "skipped": [],
          "duration": 19153,
          "root": false,
          "rootEmpty": false,
          "_timeout": 2000
        }
      ],
      "passes": [],
      "failures": [],
      "pending": [],
      "skipped": [],
      "duration": 0,
      "root": true,
      "rootEmpty": true,
      "_timeout": 2000
    }
  ],
  "meta": {
    "mocha": {
      "version": "7.0.1"
    },
    "mochawesome": {
      "options": {
        "quiet": false,
        "reportFilename": "mochawesome",
        "saveHtml": true,
        "saveJson": true,
        "consoleReporter": "spec",
        "useInlineDiffs": false,
        "code": true
      },
      "version": "7.1.3"
    },
    "marge": {
      "options": {
        "reportDir": "cypress/reports",
        "overwrite": false,
        "html": true,
        "json": true
      },
      "version": "6.2.0"
    }
  }
}