{
  "stats": {
    "suites": 1,
    "tests": 1,
    "passes": 1,
    "pending": 0,
    "failures": 0,
    "start": "2024-11-10T06:35:20.348Z",
    "end": "2024-11-10T06:35:28.723Z",
    "duration": 8375,
    "testsRegistered": 1,
    "passPercent": 100,
    "pendingPercent": 0,
    "other": 0,
    "hasOther": false,
    "skipped": 0,
    "hasSkipped": false
  },
  "results": [
    {
      "uuid": "34b36de9-64f5-4f1c-9c15-552bdb99703b",
      "title": "",
      "fullFile": "cypress\\e2e\\2-teacher\\1.courseEdit.cy.js",
      "file": "cypress\\e2e\\2-teacher\\1.courseEdit.cy.js",
      "beforeHooks": [],
      "afterHooks": [],
      "tests": [],
      "suites": [
        {
          "uuid": "fb46b0c3-b791-42c4-9076-637977b1a0cc",
          "title": "Edit course",
          "fullFile": "",
          "file": "",
          "beforeHooks": [],
          "afterHooks": [],
          "tests": [
            {
              "title": "Edit Course",
              "fullTitle": "Edit course Edit Course",
              "timedOut": null,
              "duration": 5743,
              "state": "passed",
              "speed": "medium",
              "pass": true,
              "fail": false,
              "pending": false,
              "context": null,
              "code": "cy.get('input[type=\"text\"]').type(\"abc@gmail.com\");\ncy.get(\".cl-formButtonPrimary\").click();\ncy.get('input[type=\"password\"]').type(\"Prithvi@1241\");\ncy.get(\"button\").contains(\"Continue\").click();\ncy.contains(\"Dashboard\").should(\"be.visible\");\ncy.contains(\"Teacher Mode\").click();\ncy.get('button[aria-haspopup=\"menu\"]').click();\ncy.contains(\"Edit\").last().click();",
              "err": {},
              "uuid": "980a280b-d702-4049-9056-9af9bf0459b8",
              "parentUUID": "fb46b0c3-b791-42c4-9076-637977b1a0cc",
              "isHook": false,
              "skipped": false
            }
          ],
          "suites": [],
          "passes": [
            "980a280b-d702-4049-9056-9af9bf0459b8"
          ],
          "failures": [],
          "pending": [],
          "skipped": [],
          "duration": 5743,
          "root": false,
          "rootEmpty": false,
          "_timeout": 2000
        }
      ],
      "passes": [],
      "failures": [],
      "pending": [],
      "skipped": [],
      "duration": 0,
      "root": true,
      "rootEmpty": true,
      "_timeout": 2000
    }
  ],
  "meta": {
    "mocha": {
      "version": "7.0.1"
    },
    "mochawesome": {
      "options": {
        "quiet": false,
        "reportFilename": "mochawesome",
        "saveHtml": true,
        "saveJson": true,
        "consoleReporter": "spec",
        "useInlineDiffs": false,
        "code": true
      },
      "version": "7.1.3"
    },
    "marge": {
      "options": {
        "reportDir": "cypress/reports",
        "overwrite": false,
        "html": true,
        "json": true
      },
      "version": "6.2.0"
    }
  }
}