{
  "stats": {
    "suites": 1,
    "tests": 2,
    "passes": 2,
    "pending": 0,
    "failures": 0,
    "start": "2024-11-10T06:34:52.879Z",
    "end": "2024-11-10T06:35:07.252Z",
    "duration": 14373,
    "testsRegistered": 2,
    "passPercent": 100,
    "pendingPercent": 0,
    "other": 0,
    "hasOther": false,
    "skipped": 0,
    "hasSkipped": false
  },
  "results": [
    {
      "uuid": "a29707fe-cb71-40e0-ac8c-552a8f8fc83f",
      "title": "",
      "fullFile": "cypress\\e2e\\1-student\\7.courseAfterPurchase.cy.js",
      "file": "cypress\\e2e\\1-student\\7.courseAfterPurchase.cy.js",
      "beforeHooks": [],
      "afterHooks": [],
      "tests": [],
      "suites": [
        {
          "uuid": "b110883f-a84d-44b7-a458-d28a18a6f416",
          "title": "Course After Purchase",
          "fullFile": "",
          "file": "",
          "beforeHooks": [],
          "afterHooks": [],
          "tests": [
            {
              "title": "check whether the couse is unlocked after purchase",
              "fullTitle": "Course After Purchase check whether the couse is unlocked after purchase",
              "timedOut": null,
              "duration": 6937,
              "state": "passed",
              "speed": "medium",
              "pass": true,
              "fail": false,
              "pending": false,
              "context": null,
              "code": "cy.get('input[type=\"text\"]').type(\"abc@gmail.com\");\ncy.get(\".cl-formButtonPrimary\").click();\ncy.get('input[type=\"password\"]').type(\"Prithvi@1241\");\ncy.get(\"button\").contains(\"Continue\").click();\ncy.contains(\"Browse\").click();\ncy.get('img[alt=\"Photography\"]').click();\ncy.contains(\"Enroll for\").should(\"not.exist\");\ncy.contains(\"Intro\").click();\ncy.contains(\"This chapter is locked.\").should(\"not.exist\");\ncy.contains(\"Not completed\");",
              "err": {},
              "uuid": "bd07cc4c-75d6-41e6-b374-7d895d40e6a1",
              "parentUUID": "b110883f-a84d-44b7-a458-d28a18a6f416",
              "isHook": false,
              "skipped": false
            },
            {
              "title": "check whether the course progress updates after chapter completion",
              "fullTitle": "Course After Purchase check whether the course progress updates after chapter completion",
              "timedOut": null,
              "duration": 4391,
              "state": "passed",
              "speed": "fast",
              "pass": true,
              "fail": false,
              "pending": false,
              "context": null,
              "code": "cy.get('input[type=\"text\"]').type(\"abc@gmail.com\");\ncy.get(\".cl-formButtonPrimary\").click();\ncy.get('input[type=\"password\"]').type(\"Prithvi@1241\");\ncy.get(\"button\").contains(\"Continue\").click();\ncy.contains(\"Browse\").click();\ncy.get('img[alt=\"Photography\"]').click();\ncy.contains(\"Enroll for\").should(\"not.exist\");\ncy.contains(\"Intro\").click();\ncy.contains(\"This chapter is locked.\").should(\"not.exist\");\n//cy.contains(\"Mark as complete\").click();\ncy.contains(\"% Complete\");",
              "err": {},
              "uuid": "79e9c9cd-f054-4465-a2de-2dc768b0c666",
              "parentUUID": "b110883f-a84d-44b7-a458-d28a18a6f416",
              "isHook": false,
              "skipped": false
            }
          ],
          "suites": [],
          "passes": [
            "bd07cc4c-75d6-41e6-b374-7d895d40e6a1",
            "79e9c9cd-f054-4465-a2de-2dc768b0c666"
          ],
          "failures": [],
          "pending": [],
          "skipped": [],
          "duration": 11328,
          "root": false,
          "rootEmpty": false,
          "_timeout": 2000
        }
      ],
      "passes": [],
      "failures": [],
      "pending": [],
      "skipped": [],
      "duration": 0,
      "root": true,
      "rootEmpty": true,
      "_timeout": 2000
    }
  ],
  "meta": {
    "mocha": {
      "version": "7.0.1"
    },
    "mochawesome": {
      "options": {
        "quiet": false,
        "reportFilename": "mochawesome",
        "saveHtml": true,
        "saveJson": true,
        "consoleReporter": "spec",
        "useInlineDiffs": false,
        "code": true
      },
      "version": "7.1.3"
    },
    "marge": {
      "options": {
        "reportDir": "cypress/reports",
        "overwrite": false,
        "html": true,
        "json": true
      },
      "version": "6.2.0"
    }
  }
}