{
  "stats": {
    "suites": 1,
    "tests": 1,
    "passes": 0,
    "pending": 0,
    "failures": 1,
    "start": "2024-11-10T17:23:17.630Z",
    "end": "2024-11-10T17:23:26.324Z",
    "duration": 8694,
    "testsRegistered": 1,
    "passPercent": 0,
    "pendingPercent": 0,
    "other": 0,
    "hasOther": false,
    "skipped": 0,
    "hasSkipped": false
  },
  "results": [
    {
      "uuid": "9a58237b-d39a-4d06-b5ca-0b463ab28b8f",
      "title": "",
      "fullFile": "cypress\\e2e\\2-teacher\\1.courseEdit.cy.js",
      "file": "cypress\\e2e\\2-teacher\\1.courseEdit.cy.js",
      "beforeHooks": [],
      "afterHooks": [],
      "tests": [],
      "suites": [
        {
          "uuid": "791650d2-ff79-48ad-8957-8f3bef9a5c96",
          "title": "Edit course",
          "fullFile": "",
          "file": "",
          "beforeHooks": [],
          "afterHooks": [],
          "tests": [
            {
              "title": "Edit Course",
              "fullTitle": "Edit course Edit Course",
              "timedOut": null,
              "duration": 5782,
              "state": "failed",
              "speed": null,
              "pass": false,
              "fail": true,
              "pending": false,
              "context": null,
              "code": "cy.get('input[type=\"text\"]').type(\"abc@gmail.com\");\ncy.get(\".cl-formButtonPrimary\").click();\ncy.get('input[type=\"password\"]').type(\"Prithvi@1241\");\ncy.get(\"button\").contains(\"Continue\").click();\ncy.contains(\"Dashboard\").should(\"be.visible\");\ncy.contains(\"Teacher Mode\").click();\ncy.get('button[aria-haspopup=\"menu\"]').click();\ncy.contains(\"Edit\").last().click();",
              "err": {
                "message": "CypressError: `cy.click()` can only be called on a single element. Your subject contained 2 elements. Pass `{ multiple: true }` if you want to serially click each element.\n\nhttps://on.cypress.io/click",
                "estack": "CypressError: `cy.click()` can only be called on a single element. Your subject contained 2 elements. Pass `{ multiple: true }` if you want to serially click each element.\n\nhttps://on.cypress.io/click\n    at mouseAction (https://learnify-five-navy.vercel.app/__cypress/runner/cypress_runner.js:112355:68)\n    at Context.click (https://learnify-five-navy.vercel.app/__cypress/runner/cypress_runner.js:112522:14)\n    at wrapped (https://learnify-five-navy.vercel.app/__cypress/runner/cypress_runner.js:137935:19)\nFrom Your Spec Code:\n    at Context.eval (webpack://education_platform/./cypress/e2e/2-teacher/1.courseEdit.cy.js:13:43)",
                "diff": null
              },
              "uuid": "060d93ae-6643-4ed4-a673-58201619d366",
              "parentUUID": "791650d2-ff79-48ad-8957-8f3bef9a5c96",
              "isHook": false,
              "skipped": false
            }
          ],
          "suites": [],
          "passes": [],
          "failures": [
            "060d93ae-6643-4ed4-a673-58201619d366"
          ],
          "pending": [],
          "skipped": [],
          "duration": 5782,
          "root": false,
          "rootEmpty": false,
          "_timeout": 2000
        }
      ],
      "passes": [],
      "failures": [],
      "pending": [],
      "skipped": [],
      "duration": 0,
      "root": true,
      "rootEmpty": true,
      "_timeout": 2000
    }
  ],
  "meta": {
    "mocha": {
      "version": "7.0.1"
    },
    "mochawesome": {
      "options": {
        "quiet": false,
        "reportFilename": "mochawesome",
        "saveHtml": true,
        "saveJson": true,
        "consoleReporter": "spec",
        "useInlineDiffs": false,
        "code": true
      },
      "version": "7.1.3"
    },
    "marge": {
      "options": {
        "reportDir": "cypress/reports",
        "overwrite": false,
        "html": true,
        "json": true
      },
      "version": "6.2.0"
    }
  }
}