{
  "stats": {
    "suites": 1,
    "tests": 2,
    "passes": 0,
    "pending": 0,
    "failures": 2,
    "start": "2024-11-10T06:16:12.455Z",
    "end": "2024-11-10T06:16:26.487Z",
    "duration": 14032,
    "testsRegistered": 2,
    "passPercent": 0,
    "pendingPercent": 0,
    "other": 0,
    "hasOther": false,
    "skipped": 0,
    "hasSkipped": false
  },
  "results": [
    {
      "uuid": "2920f4f5-f154-4617-a074-86384dea5d6d",
      "title": "",
      "fullFile": "cypress\\e2e\\2-teacher\\3.courseSetup.cy.js",
      "file": "cypress\\e2e\\2-teacher\\3.courseSetup.cy.js",
      "beforeHooks": [],
      "afterHooks": [],
      "tests": [],
      "suites": [
        {
          "uuid": "af9c6ce4-155c-44fd-b88c-2931ca2dc56c",
          "title": "Course Publish",
          "fullFile": "",
          "file": "",
          "beforeHooks": [],
          "afterHooks": [],
          "tests": [
            {
              "title": "Course publish button is disabled if the fields are not filled",
              "fullTitle": "Course Publish Course publish button is disabled if the fields are not filled",
              "timedOut": null,
              "duration": 6710,
              "state": "failed",
              "speed": null,
              "pass": false,
              "fail": true,
              "pending": false,
              "context": null,
              "code": "cy.get('input[type=\"text\"]').type(\"abc@gmail.com\");\ncy.get(\".cl-formButtonPrimary\").click();\ncy.get('input[type=\"password\"]').type(\"Prithvi@1241\");\ncy.get(\"button\").contains(\"Continue\").click();\ncy.contains(\"Dashboard\").should(\"be.visible\");\ncy.contains(\"Teacher Mode\").click();\ncy.get('button[aria-haspopup=\"menu\"]').click();\ncy.contains(\"Edit\").click();\ncy.get(\"button\").contains(\"Publish\").should(\"be.disabled\");",
              "err": {
                "message": "CypressError: `cy.click()` can only be called on a single element. Your subject contained 2 elements. Pass `{ multiple: true }` if you want to serially click each element.\n\nhttps://on.cypress.io/click",
                "estack": "CypressError: `cy.click()` can only be called on a single element. Your subject contained 2 elements. Pass `{ multiple: true }` if you want to serially click each element.\n\nhttps://on.cypress.io/click\n    at mouseAction (https://learnify-five-navy.vercel.app/__cypress/runner/cypress_runner.js:112355:68)\n    at Context.click (https://learnify-five-navy.vercel.app/__cypress/runner/cypress_runner.js:112522:14)\n    at wrapped (https://learnify-five-navy.vercel.app/__cypress/runner/cypress_runner.js:137935:19)\nFrom Your Spec Code:\n    at Context.eval (webpack://education_platform/./cypress/e2e/2-teacher/3.courseSetup.cy.js:13:43)",
                "diff": null
              },
              "uuid": "fe15d510-4925-4964-a8ae-2821435a59a6",
              "parentUUID": "af9c6ce4-155c-44fd-b88c-2931ca2dc56c",
              "isHook": false,
              "skipped": false
            },
            {
              "title": "Course publish button is enabled if all the fields are filled",
              "fullTitle": "Course Publish Course publish button is enabled if all the fields are filled",
              "timedOut": null,
              "duration": 4773,
              "state": "failed",
              "speed": null,
              "pass": false,
              "fail": true,
              "pending": false,
              "context": null,
              "code": "cy.get('input[type=\"text\"]').type(\"abc@gmail.com\");\ncy.get(\".cl-formButtonPrimary\").click();\ncy.get('input[type=\"password\"]').type(\"Prithvi@1241\");\ncy.get(\"button\").contains(\"Continue\").click();\ncy.contains(\"Dashboard\").should(\"be.visible\");\ncy.contains(\"Teacher Mode\").click();\ncy.get('button[aria-haspopup=\"menu\"]').click();\ncy.contains(\"Edit\").click();\ncy.contains(\"Edit description\").click();\ncy.get('textarea[name=\"description\"]').type(\"Unlock the power of yoga and embark on a transformative journey toward physical and mental well-being.\");\ncy.contains(\"Save\").click();\ncy.get(\"button\").contains(\"Publish\").click();",
              "err": {
                "message": "CypressError: `cy.click()` can only be called on a single element. Your subject contained 2 elements. Pass `{ multiple: true }` if you want to serially click each element.\n\nhttps://on.cypress.io/click",
                "estack": "CypressError: `cy.click()` can only be called on a single element. Your subject contained 2 elements. Pass `{ multiple: true }` if you want to serially click each element.\n\nhttps://on.cypress.io/click\n    at mouseAction (https://learnify-five-navy.vercel.app/__cypress/runner/cypress_runner.js:112355:68)\n    at Context.click (https://learnify-five-navy.vercel.app/__cypress/runner/cypress_runner.js:112522:14)\n    at wrapped (https://learnify-five-navy.vercel.app/__cypress/runner/cypress_runner.js:137935:19)\nFrom Your Spec Code:\n    at Context.eval (webpack://education_platform/./cypress/e2e/2-teacher/3.courseSetup.cy.js:25:43)",
                "diff": null
              },
              "uuid": "4ba0baf4-4b3f-4742-a13c-759830a50176",
              "parentUUID": "af9c6ce4-155c-44fd-b88c-2931ca2dc56c",
              "isHook": false,
              "skipped": false
            }
          ],
          "suites": [],
          "passes": [],
          "failures": [
            "fe15d510-4925-4964-a8ae-2821435a59a6",
            "4ba0baf4-4b3f-4742-a13c-759830a50176"
          ],
          "pending": [],
          "skipped": [],
          "duration": 11483,
          "root": false,
          "rootEmpty": false,
          "_timeout": 2000
        }
      ],
      "passes": [],
      "failures": [],
      "pending": [],
      "skipped": [],
      "duration": 0,
      "root": true,
      "rootEmpty": true,
      "_timeout": 2000
    }
  ],
  "meta": {
    "mocha": {
      "version": "7.0.1"
    },
    "mochawesome": {
      "options": {
        "quiet": false,
        "reportFilename": "mochawesome",
        "saveHtml": true,
        "saveJson": true,
        "consoleReporter": "spec",
        "useInlineDiffs": false,
        "code": true
      },
      "version": "7.1.3"
    },
    "marge": {
      "options": {
        "reportDir": "cypress/reports",
        "overwrite": false,
        "html": true,
        "json": true
      },
      "version": "6.2.0"
    }
  }
}